[2025-12-17 11:46:28] Login FALHA - Usuário: alberto.j-basis - IP: ::1
[2025-12-17 11:47:38] Login SUCESSO - Usuário: alberto.j-basis - IP: ::1
[2025-12-17 11:48:05] Login SUCESSO - Usuário: alberto.j-basis - IP: ::1
[2025-12-17 11:56:53] Login FALHA - Usuário: asd - IP: ::1
[2025-12-17 11:57:19] Login FALHA - Usuário: alberto.j-basis - IP: ::1
[2025-12-17 11:57:48] Login SUCESSO - Usuário: alberto.j-basis - IP: ::1
[2025-12-17 12:01:42] Login SUCESSO - Usuário: alberto.j-basis - IP: ::1
[2025-12-17 12:35:39] Login SUCESSO - Usuário: alberto.j-basis - IP: ::1
[2025-12-17 12:39:56] Login SUCESSO - Usuário: alberto.j-basis - IP: ::1
[2025-12-17 12:45:56] Login SUCESSO - Usuário: alberto.j-basis - IP: ::1
[2025-12-17 13:12:52] Login SUCESSO - Usuário: alberto.j-basis - IP: ::1
[2025-12-17 13:30:44] Login FALHA - Usuário: alberto.j-basis - IP: ::1
[2025-12-17 13:31:03] Login FALHA - Usuário: alberto.j-basis - IP: ::1
[2025-12-17 13:31:25] Login FALHA - Usuário: alberto.j-basis - IP: ::1
[2025-12-17 13:31:54] Login SUCESSO - Usuário: alberto.j-basis - IP: ::1
[2025-12-17 13:55:32] Login SUCESSO - Usuário: alberto.j-basis - IP: 10.0.22.1
[2025-12-17 15:34:42] Login FALHA - Usuário: alberto.j-basis - IP: 10.0.22.1
[2025-12-17 15:34:52] Login SUCESSO - Usuário: alberto.j-basis - IP: 10.0.22.1
[2025-12-17 16:02:11] Login SUCESSO - Usuário: alberto.j-basis - IP: 10.0.22.1
[2025-12-17 18:20:57] Login SUCESSO - Usuï¿½rio: alberto.j-basis - IP: ::1
[2025-12-17 18:28:51] Login SUCESSO - Usuï¿½rio: alberto.j-basis - IP: ::1
